<?xml version="1.0" encoding="UTF-8"?>
<testng-results ignored="0" total="1" passed="1" failed="0" skipped="0">
  <reporter-output>
  </reporter-output>
  <suite started-at="2020-09-24T00:39:11Z" name="Default suite" finished-at="2020-09-24T00:39:14Z" duration-ms="2413">
    <groups>
    </groups>
    <test started-at="2020-09-24T00:39:11Z" name="Default test" finished-at="2020-09-24T00:39:14Z" duration-ms="2413">
      <class name="com.testscripts.TC_002">
        <test-method is-config="true" signature="setUp()[pri:0, instance:com.testscripts.TC_002@24c4ddae]" started-at="2020-09-24T12:39:11Z" name="setUp" finished-at="2020-09-24T12:39:11Z" duration-ms="17" status="PASS">
          <reporter-output>
          </reporter-output>
        </test-method> <!-- setUp -->
        <test-method signature="verifyKiaExists()[pri:0, instance:com.testscripts.TC_002@24c4ddae]" started-at="2020-09-24T12:39:11Z" name="verifyKiaExists" finished-at="2020-09-24T12:39:14Z" duration-ms="2368" status="PASS">
          <reporter-output>
          </reporter-output>
        </test-method> <!-- verifyKiaExists -->
      </class> <!-- com.testscripts.TC_002 -->
    </test> <!-- Default test -->
  </suite> <!-- Default suite -->
</testng-results>
